Analysis & Synthesis report for aula8
Thu Oct 21 16:08:52 2021
Quartus Prime Version 20.1.0 Build 711 06/05/2020 SJ Lite Edition


---------------------
; Table of Contents ;
---------------------
  1. Legal Notice
  2. Analysis & Synthesis Summary
  3. Analysis & Synthesis Settings
  4. Parallel Compilation
  5. Analysis & Synthesis Source Files Read
  6. Analysis & Synthesis Resource Usage Summary
  7. Analysis & Synthesis Resource Utilization by Entity
  8. General Register Statistics
  9. Multiplexer Restructuring Statistics (Restructuring Performed)
 10. Parameter Settings for User Entity Instance: Top-level Entity: |aula8
 11. Parameter Settings for User Entity Instance: cpu:CPU1
 12. Parameter Settings for User Entity Instance: cpu:CPU1|bancoRegistradoresArqRegMem:BANCO_REGISTRADORES
 13. Parameter Settings for User Entity Instance: cpu:CPU1|muxGenerico2x1:MUX1
 14. Parameter Settings for User Entity Instance: cpu:CPU1|muxGenericoJUMP:MUXJUMP
 15. Parameter Settings for User Entity Instance: cpu:CPU1|registradorFlag:FLAG
 16. Parameter Settings for User Entity Instance: cpu:CPU1|end_retorno:END_RETORNO
 17. Parameter Settings for User Entity Instance: cpu:CPU1|registradorGenerico:PC
 18. Parameter Settings for User Entity Instance: cpu:CPU1|ULASomaSub:ULA1
 19. Parameter Settings for User Entity Instance: cpu:CPU1|somaConstante:SOMACONSTANTE
 20. Parameter Settings for User Entity Instance: cpu:CPU1|Logica_de_desvio:logica_de_desvio
 21. Parameter Settings for User Entity Instance: memoriaROM:ROM1
 22. Parameter Settings for User Entity Instance: memoriaRAM:RAM1
 23. Parameter Settings for User Entity Instance: registradorGenerico:REGISTRADOR_LED
 24. Parameter Settings for User Entity Instance: registradorFlag:REGISTRADOR_LED8
 25. Parameter Settings for User Entity Instance: registradorFlag:REGISTRADOR_LED9
 26. Parameter Settings for User Entity Instance: registrador4:REGISTRADOR_HEX0
 27. Parameter Settings for User Entity Instance: registrador4:REGISTRADOR_HEX1
 28. Parameter Settings for User Entity Instance: registrador4:REGISTRADOR_HEX2
 29. Parameter Settings for User Entity Instance: registrador4:REGISTRADOR_HEX3
 30. Parameter Settings for User Entity Instance: registrador4:REGISTRADOR_HEX4
 31. Parameter Settings for User Entity Instance: registrador4:REGISTRADOR_HEX5
 32. Parameter Settings for User Entity Instance: divisorGenerico:BASETEMPO
 33. Parameter Settings for User Entity Instance: divisorGenerico:BASETEMPO_RAP
 34. Parameter Settings for User Entity Instance: muxGenerico2x1_bit:MUX_BASETEMPO
 35. Port Connectivity Checks: "registrador_key0:REGISTRADOR1"
 36. Port Connectivity Checks: "registrador_key0:REGISTRADOR"
 37. Port Connectivity Checks: "edgeDetector:DETECTOR_BORDA_KEY0"
 38. Port Connectivity Checks: "decodificadorSegmentos:DECODIFICADOR_HEX5"
 39. Port Connectivity Checks: "decodificadorSegmentos:DECODIFICADOR_HEX4"
 40. Port Connectivity Checks: "decodificadorSegmentos:DECODIFICADOR_HEX3"
 41. Port Connectivity Checks: "decodificadorSegmentos:DECODIFICADOR_HEX2"
 42. Port Connectivity Checks: "decodificadorSegmentos:DECODIFICADOR_HEX1"
 43. Port Connectivity Checks: "decodificadorSegmentos:DECODIFICADOR_HEX0"
 44. Port Connectivity Checks: "registrador4:REGISTRADOR_HEX5"
 45. Port Connectivity Checks: "registrador4:REGISTRADOR_HEX4"
 46. Port Connectivity Checks: "registrador4:REGISTRADOR_HEX3"
 47. Port Connectivity Checks: "registrador4:REGISTRADOR_HEX2"
 48. Port Connectivity Checks: "registrador4:REGISTRADOR_HEX1"
 49. Port Connectivity Checks: "registrador4:REGISTRADOR_HEX0"
 50. Port Connectivity Checks: "registradorFlag:REGISTRADOR_LED9"
 51. Port Connectivity Checks: "registradorFlag:REGISTRADOR_LED8"
 52. Port Connectivity Checks: "registradorGenerico:REGISTRADOR_LED"
 53. Port Connectivity Checks: "decodificador3x8:DECODIFICADOR_LED"
 54. Port Connectivity Checks: "decodificador3x8:DECODIFICADO_BLOCO"
 55. Port Connectivity Checks: "cpu:CPU1|registradorGenerico:PC"
 56. Port Connectivity Checks: "cpu:CPU1|end_retorno:END_RETORNO"
 57. Port Connectivity Checks: "cpu:CPU1|registradorFlag:FLAG"
 58. Post-Synthesis Netlist Statistics for Top Partition
 59. Elapsed Time Per Partition
 60. Analysis & Synthesis Messages



----------------
; Legal Notice ;
----------------
Copyright (C) 2020  Intel Corporation. All rights reserved.
Your use of Intel Corporation's design tools, logic functions 
and other software and tools, and any partner logic 
functions, and any output files from any of the foregoing 
(including device programming or simulation files), and any 
associated documentation or information are expressly subject 
to the terms and conditions of the Intel Program License 
Subscription Agreement, the Intel Quartus Prime License Agreement,
the Intel FPGA IP License Agreement, or other applicable license
agreement, including, without limitation, that your use is for
the sole purpose of programming logic devices manufactured by
Intel and sold by Intel or its authorized distributors.  Please
refer to the applicable agreement for further details, at
https://fpgasoftware.intel.com/eula.



+-------------------------------------------------------------------------------+
; Analysis & Synthesis Summary                                                  ;
+---------------------------------+---------------------------------------------+
; Analysis & Synthesis Status     ; Successful - Thu Oct 21 16:08:52 2021       ;
; Quartus Prime Version           ; 20.1.0 Build 711 06/05/2020 SJ Lite Edition ;
; Revision Name                   ; aula8                                       ;
; Top-level Entity Name           ; aula8                                       ;
; Family                          ; Cyclone V                                   ;
; Logic utilization (in ALMs)     ; N/A                                         ;
; Total registers                 ; 641                                         ;
; Total pins                      ; 96                                          ;
; Total virtual pins              ; 0                                           ;
; Total block memory bits         ; 0                                           ;
; Total DSP Blocks                ; 0                                           ;
; Total HSSI RX PCSs              ; 0                                           ;
; Total HSSI PMA RX Deserializers ; 0                                           ;
; Total HSSI TX PCSs              ; 0                                           ;
; Total HSSI PMA TX Serializers   ; 0                                           ;
; Total PLLs                      ; 0                                           ;
; Total DLLs                      ; 0                                           ;
+---------------------------------+---------------------------------------------+


+---------------------------------------------------------------------------------------------------------------------------+
; Analysis & Synthesis Settings                                                                                             ;
+---------------------------------------------------------------------------------+--------------------+--------------------+
; Option                                                                          ; Setting            ; Default Value      ;
+---------------------------------------------------------------------------------+--------------------+--------------------+
; Device                                                                          ; 5CEBA4F23C7        ;                    ;
; Top-level entity name                                                           ; aula8              ; aula8              ;
; Family name                                                                     ; Cyclone V          ; Cyclone V          ;
; Maximum processors allowed for parallel compilation                             ; All                ;                    ;
; VHDL Show LMF Mapping Messages                                                  ; Off                ;                    ;
; VHDL Version                                                                    ; VHDL_2008          ; VHDL_1993          ;
; Use smart compilation                                                           ; Off                ; Off                ;
; Enable parallel Assembler and Timing Analyzer during compilation                ; On                 ; On                 ;
; Enable compact report table                                                     ; Off                ; Off                ;
; Restructure Multiplexers                                                        ; Auto               ; Auto               ;
; MLAB Add Timing Constraints For Mixed-Port Feed-Through Mode Setting Don't Care ; Off                ; Off                ;
; Create Debugging Nodes for IP Cores                                             ; Off                ; Off                ;
; Preserve fewer node names                                                       ; On                 ; On                 ;
; Intel FPGA IP Evaluation Mode                                                   ; Enable             ; Enable             ;
; Verilog Version                                                                 ; Verilog_2001       ; Verilog_2001       ;
; State Machine Processing                                                        ; Auto               ; Auto               ;
; Safe State Machine                                                              ; Off                ; Off                ;
; Extract Verilog State Machines                                                  ; On                 ; On                 ;
; Extract VHDL State Machines                                                     ; On                 ; On                 ;
; Ignore Verilog initial constructs                                               ; Off                ; Off                ;
; Iteration limit for constant Verilog loops                                      ; 5000               ; 5000               ;
; Iteration limit for non-constant Verilog loops                                  ; 250                ; 250                ;
; Add Pass-Through Logic to Inferred RAMs                                         ; On                 ; On                 ;
; Infer RAMs from Raw Logic                                                       ; On                 ; On                 ;
; Parallel Synthesis                                                              ; On                 ; On                 ;
; DSP Block Balancing                                                             ; Auto               ; Auto               ;
; NOT Gate Push-Back                                                              ; On                 ; On                 ;
; Power-Up Don't Care                                                             ; On                 ; On                 ;
; Remove Redundant Logic Cells                                                    ; Off                ; Off                ;
; Remove Duplicate Registers                                                      ; On                 ; On                 ;
; Ignore CARRY Buffers                                                            ; Off                ; Off                ;
; Ignore CASCADE Buffers                                                          ; Off                ; Off                ;
; Ignore GLOBAL Buffers                                                           ; Off                ; Off                ;
; Ignore ROW GLOBAL Buffers                                                       ; Off                ; Off                ;
; Ignore LCELL Buffers                                                            ; Off                ; Off                ;
; Ignore SOFT Buffers                                                             ; On                 ; On                 ;
; Limit AHDL Integers to 32 Bits                                                  ; Off                ; Off                ;
; Optimization Technique                                                          ; Balanced           ; Balanced           ;
; Carry Chain Length                                                              ; 70                 ; 70                 ;
; Auto Carry Chains                                                               ; On                 ; On                 ;
; Auto Open-Drain Pins                                                            ; On                 ; On                 ;
; Perform WYSIWYG Primitive Resynthesis                                           ; Off                ; Off                ;
; Auto ROM Replacement                                                            ; On                 ; On                 ;
; Auto RAM Replacement                                                            ; On                 ; On                 ;
; Auto DSP Block Replacement                                                      ; On                 ; On                 ;
; Auto Shift Register Replacement                                                 ; Auto               ; Auto               ;
; Allow Shift Register Merging across Hierarchies                                 ; Auto               ; Auto               ;
; Auto Clock Enable Replacement                                                   ; On                 ; On                 ;
; Strict RAM Replacement                                                          ; Off                ; Off                ;
; Allow Synchronous Control Signals                                               ; On                 ; On                 ;
; Force Use of Synchronous Clear Signals                                          ; Off                ; Off                ;
; Auto Resource Sharing                                                           ; Off                ; Off                ;
; Allow Any RAM Size For Recognition                                              ; Off                ; Off                ;
; Allow Any ROM Size For Recognition                                              ; Off                ; Off                ;
; Allow Any Shift Register Size For Recognition                                   ; Off                ; Off                ;
; Use LogicLock Constraints during Resource Balancing                             ; On                 ; On                 ;
; Ignore translate_off and synthesis_off directives                               ; Off                ; Off                ;
; Timing-Driven Synthesis                                                         ; On                 ; On                 ;
; Report Parameter Settings                                                       ; On                 ; On                 ;
; Report Source Assignments                                                       ; On                 ; On                 ;
; Report Connectivity Checks                                                      ; On                 ; On                 ;
; Ignore Maximum Fan-Out Assignments                                              ; Off                ; Off                ;
; Synchronization Register Chain Length                                           ; 3                  ; 3                  ;
; Power Optimization During Synthesis                                             ; Normal compilation ; Normal compilation ;
; HDL message level                                                               ; Level2             ; Level2             ;
; Suppress Register Optimization Related Messages                                 ; Off                ; Off                ;
; Number of Removed Registers Reported in Synthesis Report                        ; 5000               ; 5000               ;
; Number of Swept Nodes Reported in Synthesis Report                              ; 5000               ; 5000               ;
; Number of Inverted Registers Reported in Synthesis Report                       ; 100                ; 100                ;
; Clock MUX Protection                                                            ; On                 ; On                 ;
; Auto Gated Clock Conversion                                                     ; Off                ; Off                ;
; Block Design Naming                                                             ; Auto               ; Auto               ;
; SDC constraint protection                                                       ; Off                ; Off                ;
; Synthesis Effort                                                                ; Auto               ; Auto               ;
; Shift Register Replacement - Allow Asynchronous Clear Signal                    ; On                 ; On                 ;
; Pre-Mapping Resynthesis Optimization                                            ; Off                ; Off                ;
; Analysis & Synthesis Message Level                                              ; Medium             ; Medium             ;
; Disable Register Merging Across Hierarchies                                     ; Auto               ; Auto               ;
; Resource Aware Inference For Block RAM                                          ; On                 ; On                 ;
; Automatic Parallel Synthesis                                                    ; On                 ; On                 ;
; Partial Reconfiguration Bitstream ID                                            ; Off                ; Off                ;
+---------------------------------------------------------------------------------+--------------------+--------------------+


+------------------------------------------+
; Parallel Compilation                     ;
+----------------------------+-------------+
; Processors                 ; Number      ;
+----------------------------+-------------+
; Number detected on machine ; 8           ;
; Maximum allowed            ; 4           ;
;                            ;             ;
; Average used               ; 1.00        ;
; Maximum used               ; 4           ;
;                            ;             ;
; Usage by Processor         ; % Time Used ;
;     Processor 1            ; 100.0%      ;
;     Processor 2            ;   0.0%      ;
;     Processor 3            ;   0.0%      ;
;     Processor 4            ;   0.0%      ;
+----------------------------+-------------+


+-------------------------------------------------------------------------------------------------------------------------------------------------------------------------------------------------+
; Analysis & Synthesis Source Files Read                                                                                                                                                          ;
+----------------------------------+-----------------+-----------------+----------------------------------------------------------------------------------------------------------------+---------+
; File Name with User-Entered Path ; Used in Netlist ; File Type       ; File Name with Absolute Path                                                                                   ; Library ;
+----------------------------------+-----------------+-----------------+----------------------------------------------------------------------------------------------------------------+---------+
; muxGenerico2x1_bit.vhd           ; yes             ; User VHDL File  ; C:/design_de_computadores/projeto1_entrega_final/projeto1_conceito_C_restored/muxGenerico2x1_bit.vhd           ;         ;
; memoriaROM.vhd                   ; yes             ; User VHDL File  ; C:/design_de_computadores/projeto1_entrega_final/projeto1_conceito_C_restored/memoriaROM.vhd                   ;         ;
; ULASomaSub.vhd                   ; yes             ; User VHDL File  ; C:/design_de_computadores/projeto1_entrega_final/projeto1_conceito_C_restored/ULASomaSub.vhd                   ;         ;
; somadaConstante.vhd              ; yes             ; User VHDL File  ; C:/design_de_computadores/projeto1_entrega_final/projeto1_conceito_C_restored/somadaConstante.vhd              ;         ;
; registradorGenerico.vhd          ; yes             ; User VHDL File  ; C:/design_de_computadores/projeto1_entrega_final/projeto1_conceito_C_restored/registradorGenerico.vhd          ;         ;
; registradorFlag.vhd              ; yes             ; User VHDL File  ; C:/design_de_computadores/projeto1_entrega_final/projeto1_conceito_C_restored/registradorFlag.vhd              ;         ;
; porta_and.vhd                    ; yes             ; User VHDL File  ; C:/design_de_computadores/projeto1_entrega_final/projeto1_conceito_C_restored/porta_and.vhd                    ;         ;
; muxGenericoJUMP.vhd              ; yes             ; User VHDL File  ; C:/design_de_computadores/projeto1_entrega_final/projeto1_conceito_C_restored/muxGenericoJUMP.vhd              ;         ;
; muxGenerico2x1.vhd               ; yes             ; User VHDL File  ; C:/design_de_computadores/projeto1_entrega_final/projeto1_conceito_C_restored/muxGenerico2x1.vhd               ;         ;
; logica_de_desvio.vhd             ; yes             ; User VHDL File  ; C:/design_de_computadores/projeto1_entrega_final/projeto1_conceito_C_restored/logica_de_desvio.vhd             ;         ;
; end_retorno.vhd                  ; yes             ; User VHDL File  ; C:/design_de_computadores/projeto1_entrega_final/projeto1_conceito_C_restored/end_retorno.vhd                  ;         ;
; edgeDetector.vhd                 ; yes             ; User VHDL File  ; C:/design_de_computadores/projeto1_entrega_final/projeto1_conceito_C_restored/edgeDetector.vhd                 ;         ;
; decodificador3x8.vhd             ; yes             ; User VHDL File  ; C:/design_de_computadores/projeto1_entrega_final/projeto1_conceito_C_restored/decodificador3x8.vhd             ;         ;
; decodificador.vhd                ; yes             ; User VHDL File  ; C:/design_de_computadores/projeto1_entrega_final/projeto1_conceito_C_restored/decodificador.vhd                ;         ;
; cpu.vhd                          ; yes             ; User VHDL File  ; C:/design_de_computadores/projeto1_entrega_final/projeto1_conceito_C_restored/cpu.vhd                          ;         ;
; aula8.vhd                        ; yes             ; User VHDL File  ; C:/design_de_computadores/projeto1_entrega_final/projeto1_conceito_C_restored/aula8.vhd                        ;         ;
; memoriaRAM.vhd                   ; yes             ; User VHDL File  ; C:/design_de_computadores/projeto1_entrega_final/projeto1_conceito_C_restored/memoriaRAM.vhd                   ;         ;
; decodificadorSegmentos.vhd       ; yes             ; User VHDL File  ; C:/design_de_computadores/projeto1_entrega_final/projeto1_conceito_C_restored/decodificadorSegmentos.vhd       ;         ;
; registrador4.vhd                 ; yes             ; User VHDL File  ; C:/design_de_computadores/projeto1_entrega_final/projeto1_conceito_C_restored/registrador4.vhd                 ;         ;
; State3.vhd                       ; yes             ; User VHDL File  ; C:/design_de_computadores/projeto1_entrega_final/projeto1_conceito_C_restored/State3.vhd                       ;         ;
; State3_8.vhd                     ; yes             ; User VHDL File  ; C:/design_de_computadores/projeto1_entrega_final/projeto1_conceito_C_restored/State3_8.vhd                     ;         ;
; registrador_key0.vhd             ; yes             ; User VHDL File  ; C:/design_de_computadores/projeto1_entrega_final/projeto1_conceito_C_restored/registrador_key0.vhd             ;         ;
; bancoRegistradoresArqRegMem.vhd  ; yes             ; User VHDL File  ; C:/design_de_computadores/projeto1_entrega_final/projeto1_conceito_C_restored/bancoRegistradoresArqRegMem.vhd  ;         ;
; output_files/divisorGenerico.vhd ; yes             ; User VHDL File  ; C:/design_de_computadores/projeto1_entrega_final/projeto1_conceito_C_restored/output_files/divisorGenerico.vhd ;         ;
+----------------------------------+-----------------+-----------------+----------------------------------------------------------------------------------------------------------------+---------+


+--------------------------------------------------------------+
; Analysis & Synthesis Resource Usage Summary                  ;
+---------------------------------------------+----------------+
; Resource                                    ; Usage          ;
+---------------------------------------------+----------------+
; Estimate of Logic utilization (ALMs needed) ; 526            ;
;                                             ;                ;
; Combinational ALUT usage for logic          ; 577            ;
;     -- 7 input functions                    ; 2              ;
;     -- 6 input functions                    ; 343            ;
;     -- 5 input functions                    ; 44             ;
;     -- 4 input functions                    ; 51             ;
;     -- <=3 input functions                  ; 137            ;
;                                             ;                ;
; Dedicated logic registers                   ; 641            ;
;                                             ;                ;
; I/O pins                                    ; 96             ;
;                                             ;                ;
; Total DSP Blocks                            ; 0              ;
;                                             ;                ;
; Maximum fan-out node                        ; CLOCK_50~input ;
; Maximum fan-out                             ; 639            ;
; Total fan-out                               ; 4931           ;
; Average fan-out                             ; 3.50           ;
+---------------------------------------------+----------------+


+---------------------------------------------------------------------------------------------------------------------------------------------------------------------------------------------------------------------------------------------------------------------------------+
; Analysis & Synthesis Resource Utilization by Entity                                                                                                                                                                                                                             ;
+---------------------------------------------------------+---------------------+---------------------------+-------------------+------------+------+--------------+-----------------------------------------------------------------+-----------------------------+--------------+
; Compilation Hierarchy Node                              ; Combinational ALUTs ; Dedicated Logic Registers ; Block Memory Bits ; DSP Blocks ; Pins ; Virtual Pins ; Full Hierarchy Name                                             ; Entity Name                 ; Library Name ;
+---------------------------------------------------------+---------------------+---------------------------+-------------------+------------+------+--------------+-----------------------------------------------------------------+-----------------------------+--------------+
; |aula8                                                  ; 577 (13)            ; 641 (0)                   ; 0                 ; 0          ; 96   ; 0            ; |aula8                                                          ; aula8                       ; work         ;
;    |cpu:CPU1|                                           ; 76 (0)              ; 51 (0)                    ; 0                 ; 0          ; 0    ; 0            ; |aula8|cpu:CPU1                                                 ; cpu                         ; work         ;
;       |Logica_de_desvio:logica_de_desvio|               ; 2 (2)               ; 0 (0)                     ; 0                 ; 0          ; 0    ; 0            ; |aula8|cpu:CPU1|Logica_de_desvio:logica_de_desvio               ; Logica_de_desvio            ; work         ;
;       |ULASomaSub:ULA1|                                 ; 17 (17)             ; 0 (0)                     ; 0                 ; 0          ; 0    ; 0            ; |aula8|cpu:CPU1|ULASomaSub:ULA1                                 ; ULASomaSub                  ; work         ;
;       |bancoRegistradoresArqRegMem:BANCO_REGISTRADORES| ; 12 (12)             ; 32 (32)                   ; 0                 ; 0          ; 0    ; 0            ; |aula8|cpu:CPU1|bancoRegistradoresArqRegMem:BANCO_REGISTRADORES ; bancoRegistradoresArqRegMem ; work         ;
;       |decodificador:DECODER|                           ; 7 (7)               ; 0 (0)                     ; 0                 ; 0          ; 0    ; 0            ; |aula8|cpu:CPU1|decodificador:DECODER                           ; decodificador               ; work         ;
;       |end_retorno:END_RETORNO|                         ; 0 (0)               ; 9 (9)                     ; 0                 ; 0          ; 0    ; 0            ; |aula8|cpu:CPU1|end_retorno:END_RETORNO                         ; end_retorno                 ; work         ;
;       |muxGenerico2x1:MUX1|                             ; 19 (19)             ; 0 (0)                     ; 0                 ; 0          ; 0    ; 0            ; |aula8|cpu:CPU1|muxGenerico2x1:MUX1                             ; muxGenerico2x1              ; work         ;
;       |muxGenericoJUMP:MUXJUMP|                         ; 9 (9)               ; 0 (0)                     ; 0                 ; 0          ; 0    ; 0            ; |aula8|cpu:CPU1|muxGenericoJUMP:MUXJUMP                         ; muxGenericoJUMP             ; work         ;
;       |registradorFlag:FLAG|                            ; 1 (1)               ; 1 (1)                     ; 0                 ; 0          ; 0    ; 0            ; |aula8|cpu:CPU1|registradorFlag:FLAG                            ; registradorFlag             ; work         ;
;       |registradorGenerico:PC|                          ; 0 (0)               ; 9 (9)                     ; 0                 ; 0          ; 0    ; 0            ; |aula8|cpu:CPU1|registradorGenerico:PC                          ; registradorGenerico         ; work         ;
;       |somaConstante:SOMACONSTANTE|                     ; 9 (9)               ; 0 (0)                     ; 0                 ; 0          ; 0    ; 0            ; |aula8|cpu:CPU1|somaConstante:SOMACONSTANTE                     ; somaConstante               ; work         ;
;    |decodificador3x8:DECODIFICADO_BLOCO|                ; 2 (2)               ; 0 (0)                     ; 0                 ; 0          ; 0    ; 0            ; |aula8|decodificador3x8:DECODIFICADO_BLOCO                      ; decodificador3x8            ; work         ;
;    |decodificadorSegmentos:DECODIFICADOR_HEX0|          ; 7 (7)               ; 0 (0)                     ; 0                 ; 0          ; 0    ; 0            ; |aula8|decodificadorSegmentos:DECODIFICADOR_HEX0                ; decodificadorSegmentos      ; work         ;
;    |decodificadorSegmentos:DECODIFICADOR_HEX1|          ; 7 (7)               ; 0 (0)                     ; 0                 ; 0          ; 0    ; 0            ; |aula8|decodificadorSegmentos:DECODIFICADOR_HEX1                ; decodificadorSegmentos      ; work         ;
;    |decodificadorSegmentos:DECODIFICADOR_HEX2|          ; 7 (7)               ; 0 (0)                     ; 0                 ; 0          ; 0    ; 0            ; |aula8|decodificadorSegmentos:DECODIFICADOR_HEX2                ; decodificadorSegmentos      ; work         ;
;    |decodificadorSegmentos:DECODIFICADOR_HEX3|          ; 7 (7)               ; 0 (0)                     ; 0                 ; 0          ; 0    ; 0            ; |aula8|decodificadorSegmentos:DECODIFICADOR_HEX3                ; decodificadorSegmentos      ; work         ;
;    |decodificadorSegmentos:DECODIFICADOR_HEX4|          ; 7 (7)               ; 0 (0)                     ; 0                 ; 0          ; 0    ; 0            ; |aula8|decodificadorSegmentos:DECODIFICADOR_HEX4                ; decodificadorSegmentos      ; work         ;
;    |decodificadorSegmentos:DECODIFICADOR_HEX5|          ; 7 (7)               ; 0 (0)                     ; 0                 ; 0          ; 0    ; 0            ; |aula8|decodificadorSegmentos:DECODIFICADOR_HEX5                ; decodificadorSegmentos      ; work         ;
;    |divisorGenerico:BASETEMPO_RAP|                      ; 18 (18)             ; 15 (15)                   ; 0                 ; 0          ; 0    ; 0            ; |aula8|divisorGenerico:BASETEMPO_RAP                            ; divisorGenerico             ; work         ;
;    |divisorGenerico:BASETEMPO|                          ; 31 (31)             ; 26 (26)                   ; 0                 ; 0          ; 0    ; 0            ; |aula8|divisorGenerico:BASETEMPO                                ; divisorGenerico             ; work         ;
;    |edgeDetector:DETECTOR_BORDA_KEY1|                   ; 2 (2)               ; 1 (1)                     ; 0                 ; 0          ; 0    ; 0            ; |aula8|edgeDetector:DETECTOR_BORDA_KEY1                         ; edgeDetector                ; work         ;
;    |memoriaRAM:RAM1|                                    ; 299 (299)           ; 512 (512)                 ; 0                 ; 0          ; 0    ; 0            ; |aula8|memoriaRAM:RAM1                                          ; memoriaRAM                  ; work         ;
;    |memoriaROM:ROM1|                                    ; 80 (80)             ; 0 (0)                     ; 0                 ; 0          ; 0    ; 0            ; |aula8|memoriaROM:ROM1                                          ; memoriaROM                  ; work         ;
;    |muxGenerico2x1_bit:MUX_BASETEMPO|                   ; 1 (1)               ; 0 (0)                     ; 0                 ; 0          ; 0    ; 0            ; |aula8|muxGenerico2x1_bit:MUX_BASETEMPO                         ; muxGenerico2x1_bit          ; work         ;
;    |porta_and:AND3|                                     ; 2 (2)               ; 0 (0)                     ; 0                 ; 0          ; 0    ; 0            ; |aula8|porta_and:AND3                                           ; porta_and                   ; work         ;
;    |porta_and:AND_HEX0|                                 ; 3 (3)               ; 0 (0)                     ; 0                 ; 0          ; 0    ; 0            ; |aula8|porta_and:AND_HEX0                                       ; porta_and                   ; work         ;
;    |porta_and:AND_HEX1|                                 ; 2 (2)               ; 0 (0)                     ; 0                 ; 0          ; 0    ; 0            ; |aula8|porta_and:AND_HEX1                                       ; porta_and                   ; work         ;
;    |porta_and:AND_HEX2|                                 ; 1 (1)               ; 0 (0)                     ; 0                 ; 0          ; 0    ; 0            ; |aula8|porta_and:AND_HEX2                                       ; porta_and                   ; work         ;
;    |porta_and:AND_HEX3|                                 ; 1 (1)               ; 0 (0)                     ; 0                 ; 0          ; 0    ; 0            ; |aula8|porta_and:AND_HEX3                                       ; porta_and                   ; work         ;
;    |porta_and:AND_HEX4|                                 ; 1 (1)               ; 0 (0)                     ; 0                 ; 0          ; 0    ; 0            ; |aula8|porta_and:AND_HEX4                                       ; porta_and                   ; work         ;
;    |porta_and:AND_HEX5|                                 ; 1 (1)               ; 0 (0)                     ; 0                 ; 0          ; 0    ; 0            ; |aula8|porta_and:AND_HEX5                                       ; porta_and                   ; work         ;
;    |registrador4:REGISTRADOR_HEX0|                      ; 0 (0)               ; 4 (4)                     ; 0                 ; 0          ; 0    ; 0            ; |aula8|registrador4:REGISTRADOR_HEX0                            ; registrador4                ; work         ;
;    |registrador4:REGISTRADOR_HEX1|                      ; 0 (0)               ; 4 (4)                     ; 0                 ; 0          ; 0    ; 0            ; |aula8|registrador4:REGISTRADOR_HEX1                            ; registrador4                ; work         ;
;    |registrador4:REGISTRADOR_HEX2|                      ; 0 (0)               ; 4 (4)                     ; 0                 ; 0          ; 0    ; 0            ; |aula8|registrador4:REGISTRADOR_HEX2                            ; registrador4                ; work         ;
;    |registrador4:REGISTRADOR_HEX3|                      ; 0 (0)               ; 4 (4)                     ; 0                 ; 0          ; 0    ; 0            ; |aula8|registrador4:REGISTRADOR_HEX3                            ; registrador4                ; work         ;
;    |registrador4:REGISTRADOR_HEX4|                      ; 0 (0)               ; 4 (4)                     ; 0                 ; 0          ; 0    ; 0            ; |aula8|registrador4:REGISTRADOR_HEX4                            ; registrador4                ; work         ;
;    |registrador4:REGISTRADOR_HEX5|                      ; 0 (0)               ; 4 (4)                     ; 0                 ; 0          ; 0    ; 0            ; |aula8|registrador4:REGISTRADOR_HEX5                            ; registrador4                ; work         ;
;    |registradorFlag:REGISTRADOR_LED8|                   ; 1 (1)               ; 1 (1)                     ; 0                 ; 0          ; 0    ; 0            ; |aula8|registradorFlag:REGISTRADOR_LED8                         ; registradorFlag             ; work         ;
;    |registradorFlag:REGISTRADOR_LED9|                   ; 1 (1)               ; 1 (1)                     ; 0                 ; 0          ; 0    ; 0            ; |aula8|registradorFlag:REGISTRADOR_LED9                         ; registradorFlag             ; work         ;
;    |registradorGenerico:REGISTRADOR_LED|                ; 0 (0)               ; 8 (8)                     ; 0                 ; 0          ; 0    ; 0            ; |aula8|registradorGenerico:REGISTRADOR_LED                      ; registradorGenerico         ; work         ;
;    |registrador_key0:REGISTRADOR1|                      ; 0 (0)               ; 1 (1)                     ; 0                 ; 0          ; 0    ; 0            ; |aula8|registrador_key0:REGISTRADOR1                            ; registrador_key0            ; work         ;
;    |registrador_key0:REGISTRADOR|                       ; 0 (0)               ; 1 (1)                     ; 0                 ; 0          ; 0    ; 0            ; |aula8|registrador_key0:REGISTRADOR                             ; registrador_key0            ; work         ;
+---------------------------------------------------------+---------------------+---------------------------+-------------------+------------+------+--------------+-----------------------------------------------------------------+-----------------------------+--------------+
Note: For table entries with two numbers listed, the numbers in parentheses indicate the number of resources of the given type used by the specific entity alone. The numbers listed outside of parentheses indicate the total resources of the given type used by the specific entity and all of its sub-entities in the hierarchy.


+------------------------------------------------------+
; General Register Statistics                          ;
+----------------------------------------------+-------+
; Statistic                                    ; Value ;
+----------------------------------------------+-------+
; Total registers                              ; 641   ;
; Number of registers using Synchronous Clear  ; 39    ;
; Number of registers using Synchronous Load   ; 32    ;
; Number of registers using Asynchronous Clear ; 2     ;
; Number of registers using Asynchronous Load  ; 0     ;
; Number of registers using Clock Enable       ; 585   ;
; Number of registers using Preset             ; 0     ;
+----------------------------------------------+-------+


+-------------------------------------------------------------------------------------------------------------------------------------------------------------------------+
; Multiplexer Restructuring Statistics (Restructuring Performed)                                                                                                          ;
+--------------------+-----------+---------------+----------------------+------------------------+------------+-----------------------------------------------------------+
; Multiplexer Inputs ; Bus Width ; Baseline Area ; Area if Restructured ; Saving if Restructured ; Registered ; Example Multiplexer Output                                ;
+--------------------+-----------+---------------+----------------------+------------------------+------------+-----------------------------------------------------------+
; 3:1                ; 9 bits    ; 18 LEs        ; 18 LEs               ; 0 LEs                  ; Yes        ; |aula8|cpu:CPU1|registradorGenerico:PC|DOUT[7]            ;
; 3:1                ; 2 bits    ; 4 LEs         ; 4 LEs                ; 0 LEs                  ; No         ; |aula8|cpu:CPU1|decodificador:DECODER|PontosDeControle[4] ;
; 4:1                ; 2 bits    ; 4 LEs         ; 4 LEs                ; 0 LEs                  ; No         ; |aula8|cpu:CPU1|decodificador:DECODER|PontosDeControle[3] ;
; 5:1                ; 2 bits    ; 6 LEs         ; 6 LEs                ; 0 LEs                  ; No         ; |aula8|cpu:CPU1|decodificador:DECODER|PontosDeControle[2] ;
+--------------------+-----------+---------------+----------------------+------------------------+------------+-----------------------------------------------------------+


+-----------------------------------------------------------------------+
; Parameter Settings for User Entity Instance: Top-level Entity: |aula8 ;
+----------------+-------+----------------------------------------------+
; Parameter Name ; Value ; Type                                         ;
+----------------+-------+----------------------------------------------+
; larguraDados   ; 8     ; Signed Integer                               ;
; ADDR_WIDTH     ; 8     ; Signed Integer                               ;
+----------------+-------+----------------------------------------------+
Note: In order to hide this table in the UI and the text report file, please set the "Show Parameter Settings in Synthesis Report" option in "Analysis and Synthesis Settings -> More Settings" to "Off".


+-------------------------------------------------------+
; Parameter Settings for User Entity Instance: cpu:CPU1 ;
+----------------+-------+------------------------------+
; Parameter Name ; Value ; Type                         ;
+----------------+-------+------------------------------+
; larguradados   ; 8     ; Signed Integer               ;
; simulacao      ; true  ; Enumerated                   ;
+----------------+-------+------------------------------+
Note: In order to hide this table in the UI and the text report file, please set the "Show Parameter Settings in Synthesis Report" option in "Analysis and Synthesis Settings -> More Settings" to "Off".


+-------------------------------------------------------------------------------------------------------+
; Parameter Settings for User Entity Instance: cpu:CPU1|bancoRegistradoresArqRegMem:BANCO_REGISTRADORES ;
+---------------------+-------+-------------------------------------------------------------------------+
; Parameter Name      ; Value ; Type                                                                    ;
+---------------------+-------+-------------------------------------------------------------------------+
; larguradados        ; 8     ; Signed Integer                                                          ;
; larguraendbancoregs ; 2     ; Signed Integer                                                          ;
+---------------------+-------+-------------------------------------------------------------------------+
Note: In order to hide this table in the UI and the text report file, please set the "Show Parameter Settings in Synthesis Report" option in "Analysis and Synthesis Settings -> More Settings" to "Off".


+---------------------------------------------------------------------------+
; Parameter Settings for User Entity Instance: cpu:CPU1|muxGenerico2x1:MUX1 ;
+----------------+-------+--------------------------------------------------+
; Parameter Name ; Value ; Type                                             ;
+----------------+-------+--------------------------------------------------+
; larguradados   ; 8     ; Signed Integer                                   ;
+----------------+-------+--------------------------------------------------+
Note: In order to hide this table in the UI and the text report file, please set the "Show Parameter Settings in Synthesis Report" option in "Analysis and Synthesis Settings -> More Settings" to "Off".


+-------------------------------------------------------------------------------+
; Parameter Settings for User Entity Instance: cpu:CPU1|muxGenericoJUMP:MUXJUMP ;
+----------------+-------+------------------------------------------------------+
; Parameter Name ; Value ; Type                                                 ;
+----------------+-------+------------------------------------------------------+
; larguradados   ; 9     ; Signed Integer                                       ;
+----------------+-------+------------------------------------------------------+
Note: In order to hide this table in the UI and the text report file, please set the "Show Parameter Settings in Synthesis Report" option in "Analysis and Synthesis Settings -> More Settings" to "Off".


+----------------------------------------------------------------------------+
; Parameter Settings for User Entity Instance: cpu:CPU1|registradorFlag:FLAG ;
+----------------+-------+---------------------------------------------------+
; Parameter Name ; Value ; Type                                              ;
+----------------+-------+---------------------------------------------------+
; larguradados   ; 8     ; Signed Integer                                    ;
+----------------+-------+---------------------------------------------------+
Note: In order to hide this table in the UI and the text report file, please set the "Show Parameter Settings in Synthesis Report" option in "Analysis and Synthesis Settings -> More Settings" to "Off".


+-------------------------------------------------------------------------------+
; Parameter Settings for User Entity Instance: cpu:CPU1|end_retorno:END_RETORNO ;
+----------------+-------+------------------------------------------------------+
; Parameter Name ; Value ; Type                                                 ;
+----------------+-------+------------------------------------------------------+
; larguradados   ; 8     ; Signed Integer                                       ;
+----------------+-------+------------------------------------------------------+
Note: In order to hide this table in the UI and the text report file, please set the "Show Parameter Settings in Synthesis Report" option in "Analysis and Synthesis Settings -> More Settings" to "Off".


+------------------------------------------------------------------------------+
; Parameter Settings for User Entity Instance: cpu:CPU1|registradorGenerico:PC ;
+----------------+-------+-----------------------------------------------------+
; Parameter Name ; Value ; Type                                                ;
+----------------+-------+-----------------------------------------------------+
; larguradados   ; 9     ; Signed Integer                                      ;
+----------------+-------+-----------------------------------------------------+
Note: In order to hide this table in the UI and the text report file, please set the "Show Parameter Settings in Synthesis Report" option in "Analysis and Synthesis Settings -> More Settings" to "Off".


+-----------------------------------------------------------------------+
; Parameter Settings for User Entity Instance: cpu:CPU1|ULASomaSub:ULA1 ;
+----------------+-------+----------------------------------------------+
; Parameter Name ; Value ; Type                                         ;
+----------------+-------+----------------------------------------------+
; larguradados   ; 8     ; Signed Integer                               ;
+----------------+-------+----------------------------------------------+
Note: In order to hide this table in the UI and the text report file, please set the "Show Parameter Settings in Synthesis Report" option in "Analysis and Synthesis Settings -> More Settings" to "Off".


+-----------------------------------------------------------------------------------+
; Parameter Settings for User Entity Instance: cpu:CPU1|somaConstante:SOMACONSTANTE ;
+----------------+-------+----------------------------------------------------------+
; Parameter Name ; Value ; Type                                                     ;
+----------------+-------+----------------------------------------------------------+
; larguradados   ; 9     ; Signed Integer                                           ;
; constante      ; 1     ; Signed Integer                                           ;
+----------------+-------+----------------------------------------------------------+
Note: In order to hide this table in the UI and the text report file, please set the "Show Parameter Settings in Synthesis Report" option in "Analysis and Synthesis Settings -> More Settings" to "Off".


+-----------------------------------------------------------------------------------------+
; Parameter Settings for User Entity Instance: cpu:CPU1|Logica_de_desvio:logica_de_desvio ;
+----------------+-------+----------------------------------------------------------------+
; Parameter Name ; Value ; Type                                                           ;
+----------------+-------+----------------------------------------------------------------+
; data_width     ; 8     ; Signed Integer                                                 ;
; addr_width     ; 8     ; Signed Integer                                                 ;
+----------------+-------+----------------------------------------------------------------+
Note: In order to hide this table in the UI and the text report file, please set the "Show Parameter Settings in Synthesis Report" option in "Analysis and Synthesis Settings -> More Settings" to "Off".


+--------------------------------------------------------------+
; Parameter Settings for User Entity Instance: memoriaROM:ROM1 ;
+----------------+-------+-------------------------------------+
; Parameter Name ; Value ; Type                                ;
+----------------+-------+-------------------------------------+
; datawidth      ; 15    ; Signed Integer                      ;
; addrwidth      ; 9     ; Signed Integer                      ;
+----------------+-------+-------------------------------------+
Note: In order to hide this table in the UI and the text report file, please set the "Show Parameter Settings in Synthesis Report" option in "Analysis and Synthesis Settings -> More Settings" to "Off".


+--------------------------------------------------------------+
; Parameter Settings for User Entity Instance: memoriaRAM:RAM1 ;
+----------------+-------+-------------------------------------+
; Parameter Name ; Value ; Type                                ;
+----------------+-------+-------------------------------------+
; datawidth      ; 8     ; Signed Integer                      ;
; addrwidth      ; 6     ; Signed Integer                      ;
+----------------+-------+-------------------------------------+
Note: In order to hide this table in the UI and the text report file, please set the "Show Parameter Settings in Synthesis Report" option in "Analysis and Synthesis Settings -> More Settings" to "Off".


+----------------------------------------------------------------------------------+
; Parameter Settings for User Entity Instance: registradorGenerico:REGISTRADOR_LED ;
+----------------+-------+---------------------------------------------------------+
; Parameter Name ; Value ; Type                                                    ;
+----------------+-------+---------------------------------------------------------+
; larguradados   ; 8     ; Signed Integer                                          ;
+----------------+-------+---------------------------------------------------------+
Note: In order to hide this table in the UI and the text report file, please set the "Show Parameter Settings in Synthesis Report" option in "Analysis and Synthesis Settings -> More Settings" to "Off".


+-------------------------------------------------------------------------------+
; Parameter Settings for User Entity Instance: registradorFlag:REGISTRADOR_LED8 ;
+----------------+-------+------------------------------------------------------+
; Parameter Name ; Value ; Type                                                 ;
+----------------+-------+------------------------------------------------------+
; larguradados   ; 8     ; Signed Integer                                       ;
+----------------+-------+------------------------------------------------------+
Note: In order to hide this table in the UI and the text report file, please set the "Show Parameter Settings in Synthesis Report" option in "Analysis and Synthesis Settings -> More Settings" to "Off".


+-------------------------------------------------------------------------------+
; Parameter Settings for User Entity Instance: registradorFlag:REGISTRADOR_LED9 ;
+----------------+-------+------------------------------------------------------+
; Parameter Name ; Value ; Type                                                 ;
+----------------+-------+------------------------------------------------------+
; larguradados   ; 8     ; Signed Integer                                       ;
+----------------+-------+------------------------------------------------------+
Note: In order to hide this table in the UI and the text report file, please set the "Show Parameter Settings in Synthesis Report" option in "Analysis and Synthesis Settings -> More Settings" to "Off".


+----------------------------------------------------------------------------+
; Parameter Settings for User Entity Instance: registrador4:REGISTRADOR_HEX0 ;
+----------------+-------+---------------------------------------------------+
; Parameter Name ; Value ; Type                                              ;
+----------------+-------+---------------------------------------------------+
; larguradados   ; 4     ; Signed Integer                                    ;
+----------------+-------+---------------------------------------------------+
Note: In order to hide this table in the UI and the text report file, please set the "Show Parameter Settings in Synthesis Report" option in "Analysis and Synthesis Settings -> More Settings" to "Off".


+----------------------------------------------------------------------------+
; Parameter Settings for User Entity Instance: registrador4:REGISTRADOR_HEX1 ;
+----------------+-------+---------------------------------------------------+
; Parameter Name ; Value ; Type                                              ;
+----------------+-------+---------------------------------------------------+
; larguradados   ; 4     ; Signed Integer                                    ;
+----------------+-------+---------------------------------------------------+
Note: In order to hide this table in the UI and the text report file, please set the "Show Parameter Settings in Synthesis Report" option in "Analysis and Synthesis Settings -> More Settings" to "Off".


+----------------------------------------------------------------------------+
; Parameter Settings for User Entity Instance: registrador4:REGISTRADOR_HEX2 ;
+----------------+-------+---------------------------------------------------+
; Parameter Name ; Value ; Type                                              ;
+----------------+-------+---------------------------------------------------+
; larguradados   ; 4     ; Signed Integer                                    ;
+----------------+-------+---------------------------------------------------+
Note: In order to hide this table in the UI and the text report file, please set the "Show Parameter Settings in Synthesis Report" option in "Analysis and Synthesis Settings -> More Settings" to "Off".


+----------------------------------------------------------------------------+
; Parameter Settings for User Entity Instance: registrador4:REGISTRADOR_HEX3 ;
+----------------+-------+---------------------------------------------------+
; Parameter Name ; Value ; Type                                              ;
+----------------+-------+---------------------------------------------------+
; larguradados   ; 4     ; Signed Integer                                    ;
+----------------+-------+---------------------------------------------------+
Note: In order to hide this table in the UI and the text report file, please set the "Show Parameter Settings in Synthesis Report" option in "Analysis and Synthesis Settings -> More Settings" to "Off".


+----------------------------------------------------------------------------+
; Parameter Settings for User Entity Instance: registrador4:REGISTRADOR_HEX4 ;
+----------------+-------+---------------------------------------------------+
; Parameter Name ; Value ; Type                                              ;
+----------------+-------+---------------------------------------------------+
; larguradados   ; 4     ; Signed Integer                                    ;
+----------------+-------+---------------------------------------------------+
Note: In order to hide this table in the UI and the text report file, please set the "Show Parameter Settings in Synthesis Report" option in "Analysis and Synthesis Settings -> More Settings" to "Off".


+----------------------------------------------------------------------------+
; Parameter Settings for User Entity Instance: registrador4:REGISTRADOR_HEX5 ;
+----------------+-------+---------------------------------------------------+
; Parameter Name ; Value ; Type                                              ;
+----------------+-------+---------------------------------------------------+
; larguradados   ; 4     ; Signed Integer                                    ;
+----------------+-------+---------------------------------------------------+
Note: In order to hide this table in the UI and the text report file, please set the "Show Parameter Settings in Synthesis Report" option in "Analysis and Synthesis Settings -> More Settings" to "Off".


+------------------------------------------------------------------------+
; Parameter Settings for User Entity Instance: divisorGenerico:BASETEMPO ;
+----------------+----------+--------------------------------------------+
; Parameter Name ; Value    ; Type                                       ;
+----------------+----------+--------------------------------------------+
; divisor        ; 25000000 ; Signed Integer                             ;
+----------------+----------+--------------------------------------------+
Note: In order to hide this table in the UI and the text report file, please set the "Show Parameter Settings in Synthesis Report" option in "Analysis and Synthesis Settings -> More Settings" to "Off".


+----------------------------------------------------------------------------+
; Parameter Settings for User Entity Instance: divisorGenerico:BASETEMPO_RAP ;
+----------------+-------+---------------------------------------------------+
; Parameter Name ; Value ; Type                                              ;
+----------------+-------+---------------------------------------------------+
; divisor        ; 10000 ; Signed Integer                                    ;
+----------------+-------+---------------------------------------------------+
Note: In order to hide this table in the UI and the text report file, please set the "Show Parameter Settings in Synthesis Report" option in "Analysis and Synthesis Settings -> More Settings" to "Off".


+-------------------------------------------------------------------------------+
; Parameter Settings for User Entity Instance: muxGenerico2x1_bit:MUX_BASETEMPO ;
+----------------+-------+------------------------------------------------------+
; Parameter Name ; Value ; Type                                                 ;
+----------------+-------+------------------------------------------------------+
; larguradados   ; 8     ; Signed Integer                                       ;
+----------------+-------+------------------------------------------------------+
Note: In order to hide this table in the UI and the text report file, please set the "Show Parameter Settings in Synthesis Report" option in "Analysis and Synthesis Settings -> More Settings" to "Off".


+-----------------------------------------------------------+
; Port Connectivity Checks: "registrador_key0:REGISTRADOR1" ;
+------+-------+----------+---------------------------------+
; Port ; Type  ; Severity ; Details                         ;
+------+-------+----------+---------------------------------+
; din  ; Input ; Info     ; Stuck at VCC                    ;
+------+-------+----------+---------------------------------+


+----------------------------------------------------------+
; Port Connectivity Checks: "registrador_key0:REGISTRADOR" ;
+------+-------+----------+--------------------------------+
; Port ; Type  ; Severity ; Details                        ;
+------+-------+----------+--------------------------------+
; din  ; Input ; Info     ; Stuck at VCC                   ;
+------+-------+----------+--------------------------------+


+-----------------------------------------------------------------------------------------------------------------+
; Port Connectivity Checks: "edgeDetector:DETECTOR_BORDA_KEY0"                                                    ;
+-------+--------+----------+-------------------------------------------------------------------------------------+
; Port  ; Type   ; Severity ; Details                                                                             ;
+-------+--------+----------+-------------------------------------------------------------------------------------+
; saida ; Output ; Info     ; Connected to dangling logic. Logic that only feeds a dangling port will be removed. ;
+-------+--------+----------+-------------------------------------------------------------------------------------+


+-----------------------------------------------------------------------+
; Port Connectivity Checks: "decodificadorSegmentos:DECODIFICADOR_HEX5" ;
+----------+-------+----------+-----------------------------------------+
; Port     ; Type  ; Severity ; Details                                 ;
+----------+-------+----------+-----------------------------------------+
; apaga    ; Input ; Info     ; Stuck at GND                            ;
; negativo ; Input ; Info     ; Stuck at GND                            ;
; overflow ; Input ; Info     ; Stuck at GND                            ;
+----------+-------+----------+-----------------------------------------+


+-----------------------------------------------------------------------+
; Port Connectivity Checks: "decodificadorSegmentos:DECODIFICADOR_HEX4" ;
+----------+-------+----------+-----------------------------------------+
; Port     ; Type  ; Severity ; Details                                 ;
+----------+-------+----------+-----------------------------------------+
; apaga    ; Input ; Info     ; Stuck at GND                            ;
; negativo ; Input ; Info     ; Stuck at GND                            ;
; overflow ; Input ; Info     ; Stuck at GND                            ;
+----------+-------+----------+-----------------------------------------+


+-----------------------------------------------------------------------+
; Port Connectivity Checks: "decodificadorSegmentos:DECODIFICADOR_HEX3" ;
+----------+-------+----------+-----------------------------------------+
; Port     ; Type  ; Severity ; Details                                 ;
+----------+-------+----------+-----------------------------------------+
; apaga    ; Input ; Info     ; Stuck at GND                            ;
; negativo ; Input ; Info     ; Stuck at GND                            ;
; overflow ; Input ; Info     ; Stuck at GND                            ;
+----------+-------+----------+-----------------------------------------+


+-----------------------------------------------------------------------+
; Port Connectivity Checks: "decodificadorSegmentos:DECODIFICADOR_HEX2" ;
+----------+-------+----------+-----------------------------------------+
; Port     ; Type  ; Severity ; Details                                 ;
+----------+-------+----------+-----------------------------------------+
; apaga    ; Input ; Info     ; Stuck at GND                            ;
; negativo ; Input ; Info     ; Stuck at GND                            ;
; overflow ; Input ; Info     ; Stuck at GND                            ;
+----------+-------+----------+-----------------------------------------+


+-----------------------------------------------------------------------+
; Port Connectivity Checks: "decodificadorSegmentos:DECODIFICADOR_HEX1" ;
+----------+-------+----------+-----------------------------------------+
; Port     ; Type  ; Severity ; Details                                 ;
+----------+-------+----------+-----------------------------------------+
; apaga    ; Input ; Info     ; Stuck at GND                            ;
; negativo ; Input ; Info     ; Stuck at GND                            ;
; overflow ; Input ; Info     ; Stuck at GND                            ;
+----------+-------+----------+-----------------------------------------+


+-----------------------------------------------------------------------+
; Port Connectivity Checks: "decodificadorSegmentos:DECODIFICADOR_HEX0" ;
+----------+-------+----------+-----------------------------------------+
; Port     ; Type  ; Severity ; Details                                 ;
+----------+-------+----------+-----------------------------------------+
; apaga    ; Input ; Info     ; Stuck at GND                            ;
; negativo ; Input ; Info     ; Stuck at GND                            ;
; overflow ; Input ; Info     ; Stuck at GND                            ;
+----------+-------+----------+-----------------------------------------+


+-----------------------------------------------------------+
; Port Connectivity Checks: "registrador4:REGISTRADOR_HEX5" ;
+------+-------+----------+---------------------------------+
; Port ; Type  ; Severity ; Details                         ;
+------+-------+----------+---------------------------------+
; rst  ; Input ; Info     ; Stuck at GND                    ;
+------+-------+----------+---------------------------------+


+-----------------------------------------------------------+
; Port Connectivity Checks: "registrador4:REGISTRADOR_HEX4" ;
+------+-------+----------+---------------------------------+
; Port ; Type  ; Severity ; Details                         ;
+------+-------+----------+---------------------------------+
; rst  ; Input ; Info     ; Stuck at GND                    ;
+------+-------+----------+---------------------------------+


+-----------------------------------------------------------+
; Port Connectivity Checks: "registrador4:REGISTRADOR_HEX3" ;
+------+-------+----------+---------------------------------+
; Port ; Type  ; Severity ; Details                         ;
+------+-------+----------+---------------------------------+
; rst  ; Input ; Info     ; Stuck at GND                    ;
+------+-------+----------+---------------------------------+


+-----------------------------------------------------------+
; Port Connectivity Checks: "registrador4:REGISTRADOR_HEX2" ;
+------+-------+----------+---------------------------------+
; Port ; Type  ; Severity ; Details                         ;
+------+-------+----------+---------------------------------+
; rst  ; Input ; Info     ; Stuck at GND                    ;
+------+-------+----------+---------------------------------+


+-----------------------------------------------------------+
; Port Connectivity Checks: "registrador4:REGISTRADOR_HEX1" ;
+------+-------+----------+---------------------------------+
; Port ; Type  ; Severity ; Details                         ;
+------+-------+----------+---------------------------------+
; rst  ; Input ; Info     ; Stuck at GND                    ;
+------+-------+----------+---------------------------------+


+-----------------------------------------------------------+
; Port Connectivity Checks: "registrador4:REGISTRADOR_HEX0" ;
+------+-------+----------+---------------------------------+
; Port ; Type  ; Severity ; Details                         ;
+------+-------+----------+---------------------------------+
; rst  ; Input ; Info     ; Stuck at GND                    ;
+------+-------+----------+---------------------------------+


+--------------------------------------------------------------+
; Port Connectivity Checks: "registradorFlag:REGISTRADOR_LED9" ;
+------+-------+----------+------------------------------------+
; Port ; Type  ; Severity ; Details                            ;
+------+-------+----------+------------------------------------+
; rst  ; Input ; Info     ; Stuck at GND                       ;
+------+-------+----------+------------------------------------+


+--------------------------------------------------------------+
; Port Connectivity Checks: "registradorFlag:REGISTRADOR_LED8" ;
+------+-------+----------+------------------------------------+
; Port ; Type  ; Severity ; Details                            ;
+------+-------+----------+------------------------------------+
; rst  ; Input ; Info     ; Stuck at GND                       ;
+------+-------+----------+------------------------------------+


+-----------------------------------------------------------------+
; Port Connectivity Checks: "registradorGenerico:REGISTRADOR_LED" ;
+------+-------+----------+---------------------------------------+
; Port ; Type  ; Severity ; Details                               ;
+------+-------+----------+---------------------------------------+
; rst  ; Input ; Info     ; Stuck at GND                          ;
+------+-------+----------+---------------------------------------+


+----------------------------------------------------------------------------------------------------------------+
; Port Connectivity Checks: "decodificador3x8:DECODIFICADOR_LED"                                                 ;
+------+--------+----------+-------------------------------------------------------------------------------------+
; Port ; Type   ; Severity ; Details                                                                             ;
+------+--------+----------+-------------------------------------------------------------------------------------+
; s6   ; Output ; Info     ; Connected to dangling logic. Logic that only feeds a dangling port will be removed. ;
; s7   ; Output ; Info     ; Connected to dangling logic. Logic that only feeds a dangling port will be removed. ;
+------+--------+----------+-------------------------------------------------------------------------------------+


+----------------------------------------------------------------------------------------------------------------+
; Port Connectivity Checks: "decodificador3x8:DECODIFICADO_BLOCO"                                                ;
+------+--------+----------+-------------------------------------------------------------------------------------+
; Port ; Type   ; Severity ; Details                                                                             ;
+------+--------+----------+-------------------------------------------------------------------------------------+
; s1   ; Output ; Info     ; Connected to dangling logic. Logic that only feeds a dangling port will be removed. ;
; s2   ; Output ; Info     ; Connected to dangling logic. Logic that only feeds a dangling port will be removed. ;
; s3   ; Output ; Info     ; Connected to dangling logic. Logic that only feeds a dangling port will be removed. ;
; s6   ; Output ; Info     ; Connected to dangling logic. Logic that only feeds a dangling port will be removed. ;
; s7   ; Output ; Info     ; Connected to dangling logic. Logic that only feeds a dangling port will be removed. ;
+------+--------+----------+-------------------------------------------------------------------------------------+


+-------------------------------------------------------------+
; Port Connectivity Checks: "cpu:CPU1|registradorGenerico:PC" ;
+--------+-------+----------+---------------------------------+
; Port   ; Type  ; Severity ; Details                         ;
+--------+-------+----------+---------------------------------+
; enable ; Input ; Info     ; Stuck at VCC                    ;
; rst    ; Input ; Info     ; Stuck at GND                    ;
+--------+-------+----------+---------------------------------+


+--------------------------------------------------------------+
; Port Connectivity Checks: "cpu:CPU1|end_retorno:END_RETORNO" ;
+------+-------+----------+------------------------------------+
; Port ; Type  ; Severity ; Details                            ;
+------+-------+----------+------------------------------------+
; rst  ; Input ; Info     ; Stuck at GND                       ;
+------+-------+----------+------------------------------------+


+-----------------------------------------------------------+
; Port Connectivity Checks: "cpu:CPU1|registradorFlag:FLAG" ;
+------+-------+----------+---------------------------------+
; Port ; Type  ; Severity ; Details                         ;
+------+-------+----------+---------------------------------+
; rst  ; Input ; Info     ; Stuck at GND                    ;
+------+-------+----------+---------------------------------+


+-----------------------------------------------------+
; Post-Synthesis Netlist Statistics for Top Partition ;
+-----------------------+-----------------------------+
; Type                  ; Count                       ;
+-----------------------+-----------------------------+
; arriav_ff             ; 641                         ;
;     CLR               ; 2                           ;
;     ENA               ; 553                         ;
;     ENA SLD           ; 32                          ;
;     SCLR              ; 39                          ;
;     plain             ; 15                          ;
; arriav_lcell_comb     ; 577                         ;
;     arith             ; 57                          ;
;         1 data inputs ; 48                          ;
;         4 data inputs ; 1                           ;
;         5 data inputs ; 8                           ;
;     extend            ; 2                           ;
;         7 data inputs ; 2                           ;
;     normal            ; 518                         ;
;         1 data inputs ; 1                           ;
;         2 data inputs ; 77                          ;
;         3 data inputs ; 11                          ;
;         4 data inputs ; 50                          ;
;         5 data inputs ; 36                          ;
;         6 data inputs ; 343                         ;
; boundary_port         ; 96                          ;
;                       ;                             ;
; Max LUT depth         ; 10.40                       ;
; Average LUT depth     ; 6.26                        ;
+-----------------------+-----------------------------+


+-------------------------------+
; Elapsed Time Per Partition    ;
+----------------+--------------+
; Partition Name ; Elapsed Time ;
+----------------+--------------+
; Top            ; 00:00:04     ;
+----------------+--------------+


+-------------------------------+
; Analysis & Synthesis Messages ;
+-------------------------------+
Info: *******************************************************************
Info: Running Quartus Prime Analysis & Synthesis
    Info: Version 20.1.0 Build 711 06/05/2020 SJ Lite Edition
    Info: Processing started: Thu Oct 21 16:08:21 2021
Info: Command: quartus_map --read_settings_files=on --write_settings_files=off aula8 -c aula8
Info (20030): Parallel compilation is enabled and will use 4 of the 4 processors detected
Info (12021): Found 2 design units, including 1 entities, in source file muxgenerico2x1_bit.vhd
    Info (12022): Found design unit 1: muxGenerico2x1_bit-comportamento File: C:/design_de_computadores/projeto1_entrega_final/projeto1_conceito_C_restored/muxGenerico2x1_bit.vhd Line: 14
    Info (12023): Found entity 1: muxGenerico2x1_bit File: C:/design_de_computadores/projeto1_entrega_final/projeto1_conceito_C_restored/muxGenerico2x1_bit.vhd Line: 4
Info (12021): Found 2 design units, including 1 entities, in source file memoriarom.vhd
    Info (12022): Found design unit 1: memoriaROM-assincrona File: C:/design_de_computadores/projeto1_entrega_final/projeto1_conceito_C_restored/memoriaROM.vhd Line: 16
    Info (12023): Found entity 1: memoriaROM File: C:/design_de_computadores/projeto1_entrega_final/projeto1_conceito_C_restored/memoriaROM.vhd Line: 5
Info (12021): Found 2 design units, including 1 entities, in source file ulasomasub.vhd
    Info (12022): Found design unit 1: ULASomaSub-comportamento File: C:/design_de_computadores/projeto1_entrega_final/projeto1_conceito_C_restored/ULASomaSub.vhd Line: 15
    Info (12023): Found entity 1: ULASomaSub File: C:/design_de_computadores/projeto1_entrega_final/projeto1_conceito_C_restored/ULASomaSub.vhd Line: 5
Info (12021): Found 2 design units, including 1 entities, in source file somadorgenerico.vhd
    Info (12022): Found design unit 1: somadorGenerico-comportamento File: C:/design_de_computadores/projeto1_entrega_final/projeto1_conceito_C_restored/somadorGenerico.vhd Line: 18
    Info (12023): Found entity 1: somadorGenerico File: C:/design_de_computadores/projeto1_entrega_final/projeto1_conceito_C_restored/somadorGenerico.vhd Line: 6
Info (12021): Found 2 design units, including 1 entities, in source file somadaconstante.vhd
    Info (12022): Found design unit 1: somaConstante-comportamento File: C:/design_de_computadores/projeto1_entrega_final/projeto1_conceito_C_restored/somadaConstante.vhd Line: 19
    Info (12023): Found entity 1: somaConstante File: C:/design_de_computadores/projeto1_entrega_final/projeto1_conceito_C_restored/somadaConstante.vhd Line: 6
Info (12021): Found 2 design units, including 1 entities, in source file registradorgenerico_entrada1.vhd
    Info (12022): Found design unit 1: registradorGenerico_entrada1-comportamento File: C:/design_de_computadores/projeto1_entrega_final/projeto1_conceito_C_restored/registradorGenerico_entrada1.vhd Line: 15
    Info (12023): Found entity 1: registradorGenerico_entrada1 File: C:/design_de_computadores/projeto1_entrega_final/projeto1_conceito_C_restored/registradorGenerico_entrada1.vhd Line: 4
Info (12021): Found 2 design units, including 1 entities, in source file registradorgenerico.vhd
    Info (12022): Found design unit 1: registradorGenerico-comportamento File: C:/design_de_computadores/projeto1_entrega_final/projeto1_conceito_C_restored/registradorGenerico.vhd Line: 15
    Info (12023): Found entity 1: registradorGenerico File: C:/design_de_computadores/projeto1_entrega_final/projeto1_conceito_C_restored/registradorGenerico.vhd Line: 4
Info (12021): Found 2 design units, including 1 entities, in source file registradorflag.vhd
    Info (12022): Found design unit 1: registradorFlag-comportamento File: C:/design_de_computadores/projeto1_entrega_final/projeto1_conceito_C_restored/registradorFlag.vhd Line: 15
    Info (12023): Found entity 1: registradorFlag File: C:/design_de_computadores/projeto1_entrega_final/projeto1_conceito_C_restored/registradorFlag.vhd Line: 4
Info (12021): Found 2 design units, including 1 entities, in source file porta_and.vhd
    Info (12022): Found design unit 1: porta_and-arch_name File: C:/design_de_computadores/projeto1_entrega_final/projeto1_conceito_C_restored/porta_and.vhd Line: 22
    Info (12023): Found entity 1: porta_and File: C:/design_de_computadores/projeto1_entrega_final/projeto1_conceito_C_restored/porta_and.vhd Line: 5
Info (12021): Found 2 design units, including 1 entities, in source file muxgenericojump.vhd
    Info (12022): Found design unit 1: muxGenericoJUMP-comportamento File: C:/design_de_computadores/projeto1_entrega_final/projeto1_conceito_C_restored/muxGenericoJUMP.vhd Line: 14
    Info (12023): Found entity 1: muxGenericoJUMP File: C:/design_de_computadores/projeto1_entrega_final/projeto1_conceito_C_restored/muxGenericoJUMP.vhd Line: 4
Info (12021): Found 2 design units, including 1 entities, in source file muxgenerico2x1.vhd
    Info (12022): Found design unit 1: muxGenerico2x1-comportamento File: C:/design_de_computadores/projeto1_entrega_final/projeto1_conceito_C_restored/muxGenerico2x1.vhd Line: 14
    Info (12023): Found entity 1: muxGenerico2x1 File: C:/design_de_computadores/projeto1_entrega_final/projeto1_conceito_C_restored/muxGenerico2x1.vhd Line: 4
Info (12021): Found 2 design units, including 1 entities, in source file mux_jump.vhd
    Info (12022): Found design unit 1: mux_jump-comportamento File: C:/design_de_computadores/projeto1_entrega_final/projeto1_conceito_C_restored/mux_jump.vhd Line: 14
    Info (12023): Found entity 1: mux_jump File: C:/design_de_computadores/projeto1_entrega_final/projeto1_conceito_C_restored/mux_jump.vhd Line: 4
Info (12021): Found 2 design units, including 1 entities, in source file logica_de_desvio.vhd
    Info (12022): Found design unit 1: Logica_de_desvio-arch_name File: C:/design_de_computadores/projeto1_entrega_final/projeto1_conceito_C_restored/logica_de_desvio.vhd Line: 23
    Info (12023): Found entity 1: Logica_de_desvio File: C:/design_de_computadores/projeto1_entrega_final/projeto1_conceito_C_restored/logica_de_desvio.vhd Line: 5
Info (12021): Found 2 design units, including 1 entities, in source file end_retorno.vhd
    Info (12022): Found design unit 1: end_retorno-comportamento File: C:/design_de_computadores/projeto1_entrega_final/projeto1_conceito_C_restored/end_retorno.vhd Line: 15
    Info (12023): Found entity 1: end_retorno File: C:/design_de_computadores/projeto1_entrega_final/projeto1_conceito_C_restored/end_retorno.vhd Line: 4
Info (12021): Found 3 design units, including 1 entities, in source file edgedetector.vhd
    Info (12022): Found design unit 1: edgeDetector-bordaSubida File: C:/design_de_computadores/projeto1_entrega_final/projeto1_conceito_C_restored/edgeDetector.vhd Line: 10
    Info (12022): Found design unit 2: edgeDetector-bordaDescida File: C:/design_de_computadores/projeto1_entrega_final/projeto1_conceito_C_restored/edgeDetector.vhd Line: 23
    Info (12023): Found entity 1: edgeDetector File: C:/design_de_computadores/projeto1_entrega_final/projeto1_conceito_C_restored/edgeDetector.vhd Line: 4
Info (12021): Found 2 design units, including 1 entities, in source file decodificador3x8.vhd
    Info (12022): Found design unit 1: decodificador3x8-arch_name File: C:/design_de_computadores/projeto1_entrega_final/projeto1_conceito_C_restored/decodificador3x8.vhd Line: 25
    Info (12023): Found entity 1: decodificador3x8 File: C:/design_de_computadores/projeto1_entrega_final/projeto1_conceito_C_restored/decodificador3x8.vhd Line: 5
Info (12021): Found 2 design units, including 1 entities, in source file decodificador.vhd
    Info (12022): Found design unit 1: decodificador-arch_name File: C:/design_de_computadores/projeto1_entrega_final/projeto1_conceito_C_restored/decodificador.vhd Line: 17
    Info (12023): Found entity 1: decodificador File: C:/design_de_computadores/projeto1_entrega_final/projeto1_conceito_C_restored/decodificador.vhd Line: 5
Info (12021): Found 2 design units, including 1 entities, in source file cpu.vhd
    Info (12022): Found design unit 1: cpu-arquitetura File: C:/design_de_computadores/projeto1_entrega_final/projeto1_conceito_C_restored/cpu.vhd Line: 30
    Info (12023): Found entity 1: cpu File: C:/design_de_computadores/projeto1_entrega_final/projeto1_conceito_C_restored/cpu.vhd Line: 4
Info (12021): Found 2 design units, including 1 entities, in source file aula8.vhd
    Info (12022): Found design unit 1: aula8-arch_name File: C:/design_de_computadores/projeto1_entrega_final/projeto1_conceito_C_restored/aula8.vhd Line: 32
    Info (12023): Found entity 1: aula8 File: C:/design_de_computadores/projeto1_entrega_final/projeto1_conceito_C_restored/aula8.vhd Line: 4
Info (12021): Found 2 design units, including 1 entities, in source file memoriaram.vhd
    Info (12022): Found design unit 1: memoriaRAM-rtl File: C:/design_de_computadores/projeto1_entrega_final/projeto1_conceito_C_restored/memoriaRAM.vhd Line: 21
    Info (12023): Found entity 1: memoriaRAM File: C:/design_de_computadores/projeto1_entrega_final/projeto1_conceito_C_restored/memoriaRAM.vhd Line: 5
Info (12021): Found 2 design units, including 1 entities, in source file decodificadorsegmentos.vhd
    Info (12022): Found design unit 1: decodificadorSegmentos-comportamento File: C:/design_de_computadores/projeto1_entrega_final/projeto1_conceito_C_restored/decodificadorSegmentos.vhd Line: 17
    Info (12023): Found entity 1: decodificadorSegmentos File: C:/design_de_computadores/projeto1_entrega_final/projeto1_conceito_C_restored/decodificadorSegmentos.vhd Line: 4
Info (12021): Found 2 design units, including 1 entities, in source file registrador4.vhd
    Info (12022): Found design unit 1: registrador4-comportamento File: C:/design_de_computadores/projeto1_entrega_final/projeto1_conceito_C_restored/registrador4.vhd Line: 16
    Info (12023): Found entity 1: registrador4 File: C:/design_de_computadores/projeto1_entrega_final/projeto1_conceito_C_restored/registrador4.vhd Line: 4
Info (12021): Found 2 design units, including 1 entities, in source file state3.vhd
    Info (12022): Found design unit 1: State3-comportamento File: C:/design_de_computadores/projeto1_entrega_final/projeto1_conceito_C_restored/State3.vhd Line: 15
    Info (12023): Found entity 1: State3 File: C:/design_de_computadores/projeto1_entrega_final/projeto1_conceito_C_restored/State3.vhd Line: 4
Info (12021): Found 2 design units, including 1 entities, in source file state3_8.vhd
    Info (12022): Found design unit 1: State3_8-comportamento File: C:/design_de_computadores/projeto1_entrega_final/projeto1_conceito_C_restored/State3_8.vhd Line: 15
    Info (12023): Found entity 1: State3_8 File: C:/design_de_computadores/projeto1_entrega_final/projeto1_conceito_C_restored/State3_8.vhd Line: 4
Info (12021): Found 2 design units, including 1 entities, in source file registrador_key0.vhd
    Info (12022): Found design unit 1: registrador_key0-comportamento File: C:/design_de_computadores/projeto1_entrega_final/projeto1_conceito_C_restored/registrador_key0.vhd Line: 11
    Info (12023): Found entity 1: registrador_key0 File: C:/design_de_computadores/projeto1_entrega_final/projeto1_conceito_C_restored/registrador_key0.vhd Line: 4
Info (12021): Found 2 design units, including 1 entities, in source file bancoregistradoresarqregmem.vhd
    Info (12022): Found design unit 1: bancoRegistradoresArqRegMem-comportamento File: C:/design_de_computadores/projeto1_entrega_final/projeto1_conceito_C_restored/bancoRegistradoresArqRegMem.vhd Line: 23
    Info (12023): Found entity 1: bancoRegistradoresArqRegMem File: C:/design_de_computadores/projeto1_entrega_final/projeto1_conceito_C_restored/bancoRegistradoresArqRegMem.vhd Line: 5
Info (12021): Found 2 design units, including 1 entities, in source file output_files/divisorgenerico.vhd
    Info (12022): Found design unit 1: divisorGenerico-divInteiro File: C:/design_de_computadores/projeto1_entrega_final/projeto1_conceito_C_restored/output_files/divisorGenerico.vhd Line: 15
    Info (12023): Found entity 1: divisorGenerico File: C:/design_de_computadores/projeto1_entrega_final/projeto1_conceito_C_restored/output_files/divisorGenerico.vhd Line: 5
Info (12127): Elaborating entity "aula8" for the top level hierarchy
Warning (10036): Verilog HDL or VHDL warning at aula8.vhd(81): object "clk_detector" assigned a value but never read File: C:/design_de_computadores/projeto1_entrega_final/projeto1_conceito_C_restored/aula8.vhd Line: 81
Info (12128): Elaborating entity "cpu" for hierarchy "cpu:CPU1" File: C:/design_de_computadores/projeto1_entrega_final/projeto1_conceito_C_restored/aula8.vhd Line: 93
Info (12128): Elaborating entity "bancoRegistradoresArqRegMem" for hierarchy "cpu:CPU1|bancoRegistradoresArqRegMem:BANCO_REGISTRADORES" File: C:/design_de_computadores/projeto1_entrega_final/projeto1_conceito_C_restored/cpu.vhd Line: 66
Info (12128): Elaborating entity "muxGenerico2x1" for hierarchy "cpu:CPU1|muxGenerico2x1:MUX1" File: C:/design_de_computadores/projeto1_entrega_final/projeto1_conceito_C_restored/cpu.vhd Line: 76
Info (12128): Elaborating entity "muxGenericoJUMP" for hierarchy "cpu:CPU1|muxGenericoJUMP:MUXJUMP" File: C:/design_de_computadores/projeto1_entrega_final/projeto1_conceito_C_restored/cpu.vhd Line: 82
Info (12128): Elaborating entity "registradorFlag" for hierarchy "cpu:CPU1|registradorFlag:FLAG" File: C:/design_de_computadores/projeto1_entrega_final/projeto1_conceito_C_restored/cpu.vhd Line: 89
Info (12128): Elaborating entity "end_retorno" for hierarchy "cpu:CPU1|end_retorno:END_RETORNO" File: C:/design_de_computadores/projeto1_entrega_final/projeto1_conceito_C_restored/cpu.vhd Line: 92
Info (12128): Elaborating entity "registradorGenerico" for hierarchy "cpu:CPU1|registradorGenerico:PC" File: C:/design_de_computadores/projeto1_entrega_final/projeto1_conceito_C_restored/cpu.vhd Line: 96
Info (12128): Elaborating entity "ULASomaSub" for hierarchy "cpu:CPU1|ULASomaSub:ULA1" File: C:/design_de_computadores/projeto1_entrega_final/projeto1_conceito_C_restored/cpu.vhd Line: 101
Info (12128): Elaborating entity "somaConstante" for hierarchy "cpu:CPU1|somaConstante:SOMACONSTANTE" File: C:/design_de_computadores/projeto1_entrega_final/projeto1_conceito_C_restored/cpu.vhd Line: 107
Info (12128): Elaborating entity "decodificador" for hierarchy "cpu:CPU1|decodificador:DECODER" File: C:/design_de_computadores/projeto1_entrega_final/projeto1_conceito_C_restored/cpu.vhd Line: 110
Info (12128): Elaborating entity "Logica_de_desvio" for hierarchy "cpu:CPU1|Logica_de_desvio:logica_de_desvio" File: C:/design_de_computadores/projeto1_entrega_final/projeto1_conceito_C_restored/cpu.vhd Line: 113
Info (12128): Elaborating entity "memoriaROM" for hierarchy "memoriaROM:ROM1" File: C:/design_de_computadores/projeto1_entrega_final/projeto1_conceito_C_restored/aula8.vhd Line: 109
Info (12128): Elaborating entity "memoriaRAM" for hierarchy "memoriaRAM:RAM1" File: C:/design_de_computadores/projeto1_entrega_final/projeto1_conceito_C_restored/aula8.vhd Line: 114
Info (12128): Elaborating entity "decodificador3x8" for hierarchy "decodificador3x8:DECODIFICADO_BLOCO" File: C:/design_de_computadores/projeto1_entrega_final/projeto1_conceito_C_restored/aula8.vhd Line: 125
Info (12128): Elaborating entity "registradorGenerico" for hierarchy "registradorGenerico:REGISTRADOR_LED" File: C:/design_de_computadores/projeto1_entrega_final/projeto1_conceito_C_restored/aula8.vhd Line: 140
Info (12128): Elaborating entity "registrador4" for hierarchy "registrador4:REGISTRADOR_HEX0" File: C:/design_de_computadores/projeto1_entrega_final/projeto1_conceito_C_restored/aula8.vhd Line: 149
Info (12128): Elaborating entity "decodificadorSegmentos" for hierarchy "decodificadorSegmentos:DECODIFICADOR_HEX0" File: C:/design_de_computadores/projeto1_entrega_final/projeto1_conceito_C_restored/aula8.vhd Line: 167
Info (12128): Elaborating entity "edgeDetector" for hierarchy "edgeDetector:DETECTOR_BORDA_KEY0" File: C:/design_de_computadores/projeto1_entrega_final/projeto1_conceito_C_restored/aula8.vhd Line: 212
Info (12128): Elaborating entity "registrador_key0" for hierarchy "registrador_key0:REGISTRADOR" File: C:/design_de_computadores/projeto1_entrega_final/projeto1_conceito_C_restored/aula8.vhd Line: 224
Info (12128): Elaborating entity "divisorGenerico" for hierarchy "divisorGenerico:BASETEMPO" File: C:/design_de_computadores/projeto1_entrega_final/projeto1_conceito_C_restored/aula8.vhd Line: 238
Info (12128): Elaborating entity "divisorGenerico" for hierarchy "divisorGenerico:BASETEMPO_RAP" File: C:/design_de_computadores/projeto1_entrega_final/projeto1_conceito_C_restored/aula8.vhd Line: 245
Info (12128): Elaborating entity "muxGenerico2x1_bit" for hierarchy "muxGenerico2x1_bit:MUX_BASETEMPO" File: C:/design_de_computadores/projeto1_entrega_final/projeto1_conceito_C_restored/aula8.vhd Line: 252
Info (12128): Elaborating entity "porta_and" for hierarchy "porta_and:AND1" File: C:/design_de_computadores/projeto1_entrega_final/projeto1_conceito_C_restored/aula8.vhd Line: 261
Info (12128): Elaborating entity "State3_8" for hierarchy "State3_8:STATE_BUFFER1" File: C:/design_de_computadores/projeto1_entrega_final/projeto1_conceito_C_restored/aula8.vhd Line: 288
Info (12128): Elaborating entity "State3" for hierarchy "State3:STATE_BUFFER2" File: C:/design_de_computadores/projeto1_entrega_final/projeto1_conceito_C_restored/aula8.vhd Line: 294
Warning (19016): Clock multiplexers are found and protected
    Warning (19017): Found clock multiplexer muxGenerico2x1_bit:MUX_BASETEMPO|saida_MUX File: C:/design_de_computadores/projeto1_entrega_final/projeto1_conceito_C_restored/muxGenerico2x1_bit.vhd Line: 10
Info (276014): Found 2 instances of uninferred RAM logic
    Info (276007): RAM logic "memoriaRAM:RAM1|ram" is uninferred due to asynchronous read logic File: C:/design_de_computadores/projeto1_entrega_final/projeto1_conceito_C_restored/memoriaRAM.vhd Line: 27
    Info (276004): RAM logic "cpu:CPU1|bancoRegistradoresArqRegMem:BANCO_REGISTRADORES|registrador" is uninferred due to inappropriate RAM size File: C:/design_de_computadores/projeto1_entrega_final/projeto1_conceito_C_restored/bancoRegistradoresArqRegMem.vhd Line: 29
Warning (13046): Tri-state node(s) do not directly drive top-level pin(s)
    Warning (13048): Converted tri-state node "RAM_MUX[7]" into a selector File: C:/design_de_computadores/projeto1_entrega_final/projeto1_conceito_C_restored/muxGenerico2x1.vhd Line: 10
    Warning (13048): Converted tri-state node "RAM_MUX[6]" into a selector File: C:/design_de_computadores/projeto1_entrega_final/projeto1_conceito_C_restored/muxGenerico2x1.vhd Line: 10
    Warning (13048): Converted tri-state node "RAM_MUX[5]" into a selector File: C:/design_de_computadores/projeto1_entrega_final/projeto1_conceito_C_restored/muxGenerico2x1.vhd Line: 10
    Warning (13048): Converted tri-state node "RAM_MUX[4]" into a selector File: C:/design_de_computadores/projeto1_entrega_final/projeto1_conceito_C_restored/muxGenerico2x1.vhd Line: 10
    Warning (13048): Converted tri-state node "RAM_MUX[3]" into a selector File: C:/design_de_computadores/projeto1_entrega_final/projeto1_conceito_C_restored/muxGenerico2x1.vhd Line: 10
    Warning (13048): Converted tri-state node "RAM_MUX[2]" into a selector File: C:/design_de_computadores/projeto1_entrega_final/projeto1_conceito_C_restored/muxGenerico2x1.vhd Line: 10
    Warning (13048): Converted tri-state node "RAM_MUX[1]" into a selector File: C:/design_de_computadores/projeto1_entrega_final/projeto1_conceito_C_restored/muxGenerico2x1.vhd Line: 10
    Warning (13048): Converted tri-state node "RAM_MUX[0]" into a selector File: C:/design_de_computadores/projeto1_entrega_final/projeto1_conceito_C_restored/muxGenerico2x1.vhd Line: 10
Info (286030): Timing-Driven Synthesis is running
Info (16010): Generating hard_block partition "hard_block:auto_generated_inst"
    Info (16011): Adding 0 node(s), including 0 DDIO, 0 PLL, 0 transceiver and 0 LCELL
Warning (21074): Design contains 1 input pin(s) that do not drive logic
    Warning (15610): No output dependent on input pin "KEY[0]" File: C:/design_de_computadores/projeto1_entrega_final/projeto1_conceito_C_restored/aula8.vhd Line: 12
Info (21057): Implemented 1260 device resources after synthesis - the final resource count might be different
    Info (21058): Implemented 16 input pins
    Info (21059): Implemented 80 output pins
    Info (21061): Implemented 1164 logic cells
Info: Quartus Prime Analysis & Synthesis was successful. 0 errors, 14 warnings
    Info: Peak virtual memory: 4855 megabytes
    Info: Processing ended: Thu Oct 21 16:08:52 2021
    Info: Elapsed time: 00:00:31
    Info: Total CPU time (on all processors): 00:00:57


